2017-06-29 14:56:19 - PHP Warning:  Invalid argument supplied for foreach() in D:\wamp\www\kaucoder\extreme\root\admin\controller\payment\mp_standard.php on line 111
2017-06-29 14:56:19 - PHP Warning:  Invalid argument supplied for foreach() in D:\wamp\www\kaucoder\extreme\root\admin\view\template\payment\mp_standard.tpl on line 98
2017-06-29 14:56:36 - PHP Warning:  Invalid argument supplied for foreach() in D:\wamp\www\kaucoder\extreme\root\admin\controller\payment\mp_standard.php on line 111
2017-06-29 14:56:36 - PHP Warning:  Invalid argument supplied for foreach() in D:\wamp\www\kaucoder\extreme\root\admin\view\template\payment\mp_standard.tpl on line 98
2017-06-29 15:11:15 - PHP Warning:  Invalid argument supplied for foreach() in D:\wamp\www\kaucoder\extreme\root\admin\controller\payment\mp_standard.php on line 111
2017-06-29 15:11:15 - PHP Warning:  Invalid argument supplied for foreach() in D:\wamp\www\kaucoder\extreme\root\admin\view\template\payment\mp_standard.tpl on line 98
2017-06-29 15:11:20 - PHP Warning:  Invalid argument supplied for foreach() in D:\wamp\www\kaucoder\extreme\root\admin\controller\payment\mp_standard.php on line 111
2017-06-29 15:11:20 - PHP Warning:  Invalid argument supplied for foreach() in D:\wamp\www\kaucoder\extreme\root\admin\view\template\payment\mp_standard.tpl on line 98
2017-06-29 15:11:24 - PHP Warning:  Invalid argument supplied for foreach() in D:\wamp\www\kaucoder\extreme\root\admin\controller\payment\mp_standard.php on line 111
2017-06-29 15:11:24 - PHP Warning:  Invalid argument supplied for foreach() in D:\wamp\www\kaucoder\extreme\root\admin\view\template\payment\mp_standard.tpl on line 98
2017-06-29 15:19:12 - PHP Warning:  Invalid argument supplied for foreach() in D:\wamp\www\kaucoder\extreme\root\admin\controller\extension\payment\mp_standard.php on line 114
2017-06-29 15:19:12 - PHP Warning:  Invalid argument supplied for foreach() in D:\wamp\www\kaucoder\extreme\root\admin\view\template\extension\payment\mp_standard.tpl on line 99
2017-06-29 15:19:39 - PHP Warning:  Invalid argument supplied for foreach() in D:\wamp\www\kaucoder\extreme\root\admin\controller\extension\payment\mp_standard.php on line 114
2017-06-29 15:19:39 - PHP Warning:  Invalid argument supplied for foreach() in D:\wamp\www\kaucoder\extreme\root\admin\view\template\extension\payment\mp_standard.tpl on line 99
2017-06-29 15:33:24 - PHP Warning:  Invalid argument supplied for foreach() in D:\wamp\www\kaucoder\extreme\root\admin\controller\extension\payment\mp_standard.php on line 114
2017-06-29 15:33:45 - PHP Warning:  Invalid argument supplied for foreach() in D:\wamp\www\kaucoder\extreme\root\admin\controller\extension\payment\mp_standard.php on line 115
2017-06-29 15:34:04 - PHP Warning:  Invalid argument supplied for foreach() in D:\wamp\www\kaucoder\extreme\root\admin\controller\extension\payment\mp_standard.php on line 116
2017-06-29 15:37:51 - PHP Warning:  Invalid argument supplied for foreach() in D:\wamp\www\kaucoder\extreme\root\admin\controller\extension\payment\mp_standard.php on line 116
2017-06-29 15:38:12 - PHP Warning:  Invalid argument supplied for foreach() in D:\wamp\www\kaucoder\extreme\root\admin\controller\extension\payment\mp_standard.php on line 116
2017-06-29 15:45:28 - PHP Warning:  Invalid argument supplied for foreach() in D:\wamp\www\kaucoder\extreme\root\admin\controller\extension\payment\mp_standard.php on line 116
2017-06-29 15:46:11 - PHP Warning:  Invalid argument supplied for foreach() in D:\wamp\www\kaucoder\extreme\root\admin\controller\extension\payment\mp_standard.php on line 116
2017-06-29 16:06:15 - PHP Notice:  Error: Could not load template D:/wamp/www/kaucoder/extreme/root/admin/view/template/shipping/oca.tpl! in D:\wamp\www\kaucoder\extreme\root\system\library\template\php.php on line 23
2017-06-29 16:08:11 - PHP Notice:  Error: Could not load template D:/wamp/www/kaucoder/extreme/root/admin/view/template/shipping/oca.tpl! in D:\wamp\www\kaucoder\extreme\root\system\library\template\php.php on line 23
2017-06-29 16:08:35 - PHP Notice:  Error: Could not load template D:/wamp/www/kaucoder/extreme/root/admin/view/template/shipping/oca.tpl! in D:\wamp\www\kaucoder\extreme\root\system\library\template\php.php on line 23
2017-06-29 16:09:08 - PHP Notice:  Error: Could not load template D:/wamp/www/kaucoder/extreme/root/admin/view/template/shipping/oca.tpl! in D:\wamp\www\kaucoder\extreme\root\system\library\template\php.php on line 23
2017-06-29 16:09:23 - PHP Notice:  Error: Could not load template D:/wamp/www/kaucoder/extreme/root/admin/view/template/shipping/oca.tpl! in D:\wamp\www\kaucoder\extreme\root\system\library\template\php.php on line 23
2017-06-29 16:09:42 - PHP Notice:  Error: Could not load template D:/wamp/www/kaucoder/extreme/root/admin/view/template/shipping/oca.tpl! in D:\wamp\www\kaucoder\extreme\root\system\library\template\php.php on line 23
2017-06-29 16:09:54 - PHP Notice:  Error: Could not load template D:/wamp/www/kaucoder/extreme/root/admin/view/template/shipping/oca.tpl! in D:\wamp\www\kaucoder\extreme\root\system\library\template\php.php on line 23
2017-06-29 16:10:13 - PHP Notice:  Error: Could not load template D:/wamp/www/kaucoder/extreme/root/admin/view/template/extension/shipping/oca.tpl! in D:\wamp\www\kaucoder\extreme\root\system\library\template\php.php on line 23
2017-06-29 16:11:02 - PHP Notice:  Undefined variable: tab_links in D:\wamp\www\kaucoder\extreme\root\admin\view\template\extension\shipping\oca.tpl on line 41
2017-06-29 16:11:02 - PHP Notice:  Undefined variable: tab_attribute in D:\wamp\www\kaucoder\extreme\root\admin\view\template\extension\shipping\oca.tpl on line 42
2017-06-29 16:11:02 - PHP Notice:  Undefined variable: tab_option in D:\wamp\www\kaucoder\extreme\root\admin\view\template\extension\shipping\oca.tpl on line 43
2017-06-29 16:11:02 - PHP Notice:  Undefined variable: tab_recurring in D:\wamp\www\kaucoder\extreme\root\admin\view\template\extension\shipping\oca.tpl on line 44
2017-06-29 16:11:02 - PHP Notice:  Undefined variable: tab_discount in D:\wamp\www\kaucoder\extreme\root\admin\view\template\extension\shipping\oca.tpl on line 45
2017-06-29 16:11:02 - PHP Notice:  Undefined variable: tab_special in D:\wamp\www\kaucoder\extreme\root\admin\view\template\extension\shipping\oca.tpl on line 46
2017-06-29 16:11:02 - PHP Notice:  Undefined variable: tab_image in D:\wamp\www\kaucoder\extreme\root\admin\view\template\extension\shipping\oca.tpl on line 47
2017-06-29 16:11:02 - PHP Notice:  Undefined variable: tab_reward in D:\wamp\www\kaucoder\extreme\root\admin\view\template\extension\shipping\oca.tpl on line 48
2017-06-29 16:11:02 - PHP Notice:  Undefined variable: tab_design in D:\wamp\www\kaucoder\extreme\root\admin\view\template\extension\shipping\oca.tpl on line 49
2017-06-29 16:11:02 - PHP Notice:  Undefined variable: help_idoperativa in D:\wamp\www\kaucoder\extreme\root\admin\view\template\extension\shipping\oca.tpl on line 157
2017-06-29 16:11:02 - PHP Notice:  Undefined variable: help_descripcion in D:\wamp\www\kaucoder\extreme\root\admin\view\template\extension\shipping\oca.tpl on line 158
2017-06-29 16:11:02 - PHP Notice:  Undefined variable: help_sucursal in D:\wamp\www\kaucoder\extreme\root\admin\view\template\extension\shipping\oca.tpl on line 159
2017-06-29 16:11:02 - PHP Notice:  Undefined variable: help_seguro in D:\wamp\www\kaucoder\extreme\root\admin\view\template\extension\shipping\oca.tpl on line 160
2017-06-29 16:11:02 - PHP Notice:  Undefined variable: help_prioritario in D:\wamp\www\kaucoder\extreme\root\admin\view\template\extension\shipping\oca.tpl on line 161
2017-06-29 16:11:02 - PHP Notice:  Undefined variable: help_destino in D:\wamp\www\kaucoder\extreme\root\admin\view\template\extension\shipping\oca.tpl on line 162
2017-06-29 16:11:02 - PHP Notice:  Undefined variable: help_idoperativa in D:\wamp\www\kaucoder\extreme\root\admin\view\template\extension\shipping\oca.tpl on line 615
2017-06-29 16:11:02 - PHP Notice:  Undefined variable: help_descripcion in D:\wamp\www\kaucoder\extreme\root\admin\view\template\extension\shipping\oca.tpl on line 616
2017-06-29 16:11:02 - PHP Notice:  Undefined variable: help_sucursal in D:\wamp\www\kaucoder\extreme\root\admin\view\template\extension\shipping\oca.tpl on line 617
2017-06-29 16:11:02 - PHP Notice:  Undefined variable: help_seguro in D:\wamp\www\kaucoder\extreme\root\admin\view\template\extension\shipping\oca.tpl on line 618
2017-06-29 16:11:02 - PHP Notice:  Undefined variable: help_prioritario in D:\wamp\www\kaucoder\extreme\root\admin\view\template\extension\shipping\oca.tpl on line 619
2017-06-29 16:11:02 - PHP Notice:  Undefined variable: help_destino in D:\wamp\www\kaucoder\extreme\root\admin\view\template\extension\shipping\oca.tpl on line 620
2017-06-29 16:11:02 - PHP Notice:  Undefined variable: text_wait in D:\wamp\www\kaucoder\extreme\root\admin\view\template\extension\shipping\oca.tpl on line 962
2017-06-29 16:29:56 - PHP Notice:  Undefined variable: tab_links in D:\wamp\www\kaucoder\extreme\root\admin\view\template\extension\shipping\oca.tpl on line 41
2017-06-29 16:29:56 - PHP Notice:  Undefined variable: tab_attribute in D:\wamp\www\kaucoder\extreme\root\admin\view\template\extension\shipping\oca.tpl on line 42
2017-06-29 16:29:56 - PHP Notice:  Undefined variable: tab_option in D:\wamp\www\kaucoder\extreme\root\admin\view\template\extension\shipping\oca.tpl on line 43
2017-06-29 16:29:56 - PHP Notice:  Undefined variable: tab_recurring in D:\wamp\www\kaucoder\extreme\root\admin\view\template\extension\shipping\oca.tpl on line 44
2017-06-29 16:29:56 - PHP Notice:  Undefined variable: tab_discount in D:\wamp\www\kaucoder\extreme\root\admin\view\template\extension\shipping\oca.tpl on line 45
2017-06-29 16:29:56 - PHP Notice:  Undefined variable: tab_special in D:\wamp\www\kaucoder\extreme\root\admin\view\template\extension\shipping\oca.tpl on line 46
2017-06-29 16:29:56 - PHP Notice:  Undefined variable: tab_image in D:\wamp\www\kaucoder\extreme\root\admin\view\template\extension\shipping\oca.tpl on line 47
2017-06-29 16:29:56 - PHP Notice:  Undefined variable: tab_reward in D:\wamp\www\kaucoder\extreme\root\admin\view\template\extension\shipping\oca.tpl on line 48
2017-06-29 16:29:56 - PHP Notice:  Undefined variable: tab_design in D:\wamp\www\kaucoder\extreme\root\admin\view\template\extension\shipping\oca.tpl on line 49
2017-06-29 16:29:56 - PHP Notice:  Undefined variable: help_idoperativa in D:\wamp\www\kaucoder\extreme\root\admin\view\template\extension\shipping\oca.tpl on line 157
2017-06-29 16:29:56 - PHP Notice:  Undefined variable: help_descripcion in D:\wamp\www\kaucoder\extreme\root\admin\view\template\extension\shipping\oca.tpl on line 158
2017-06-29 16:29:56 - PHP Notice:  Undefined variable: help_sucursal in D:\wamp\www\kaucoder\extreme\root\admin\view\template\extension\shipping\oca.tpl on line 159
2017-06-29 16:29:56 - PHP Notice:  Undefined variable: help_seguro in D:\wamp\www\kaucoder\extreme\root\admin\view\template\extension\shipping\oca.tpl on line 160
2017-06-29 16:29:56 - PHP Notice:  Undefined variable: help_prioritario in D:\wamp\www\kaucoder\extreme\root\admin\view\template\extension\shipping\oca.tpl on line 161
2017-06-29 16:29:56 - PHP Notice:  Undefined variable: help_destino in D:\wamp\www\kaucoder\extreme\root\admin\view\template\extension\shipping\oca.tpl on line 162
2017-06-29 16:29:56 - PHP Notice:  Undefined variable: help_idoperativa in D:\wamp\www\kaucoder\extreme\root\admin\view\template\extension\shipping\oca.tpl on line 615
2017-06-29 16:29:56 - PHP Notice:  Undefined variable: help_descripcion in D:\wamp\www\kaucoder\extreme\root\admin\view\template\extension\shipping\oca.tpl on line 616
2017-06-29 16:29:56 - PHP Notice:  Undefined variable: help_sucursal in D:\wamp\www\kaucoder\extreme\root\admin\view\template\extension\shipping\oca.tpl on line 617
2017-06-29 16:29:56 - PHP Notice:  Undefined variable: help_seguro in D:\wamp\www\kaucoder\extreme\root\admin\view\template\extension\shipping\oca.tpl on line 618
2017-06-29 16:29:56 - PHP Notice:  Undefined variable: help_prioritario in D:\wamp\www\kaucoder\extreme\root\admin\view\template\extension\shipping\oca.tpl on line 619
2017-06-29 16:29:56 - PHP Notice:  Undefined variable: help_destino in D:\wamp\www\kaucoder\extreme\root\admin\view\template\extension\shipping\oca.tpl on line 620
2017-06-29 16:29:56 - PHP Notice:  Undefined variable: text_wait in D:\wamp\www\kaucoder\extreme\root\admin\view\template\extension\shipping\oca.tpl on line 962
2017-06-29 16:31:33 - PHP Notice:  Undefined variable: tab_links in D:\wamp\www\kaucoder\extreme\root\admin\view\template\extension\shipping\oca.tpl on line 41
2017-06-29 16:31:33 - PHP Notice:  Undefined variable: tab_attribute in D:\wamp\www\kaucoder\extreme\root\admin\view\template\extension\shipping\oca.tpl on line 42
2017-06-29 16:31:33 - PHP Notice:  Undefined variable: tab_option in D:\wamp\www\kaucoder\extreme\root\admin\view\template\extension\shipping\oca.tpl on line 43
2017-06-29 16:31:33 - PHP Notice:  Undefined variable: tab_recurring in D:\wamp\www\kaucoder\extreme\root\admin\view\template\extension\shipping\oca.tpl on line 44
2017-06-29 16:31:33 - PHP Notice:  Undefined variable: tab_discount in D:\wamp\www\kaucoder\extreme\root\admin\view\template\extension\shipping\oca.tpl on line 45
2017-06-29 16:31:33 - PHP Notice:  Undefined variable: tab_special in D:\wamp\www\kaucoder\extreme\root\admin\view\template\extension\shipping\oca.tpl on line 46
2017-06-29 16:31:33 - PHP Notice:  Undefined variable: tab_image in D:\wamp\www\kaucoder\extreme\root\admin\view\template\extension\shipping\oca.tpl on line 47
2017-06-29 16:31:33 - PHP Notice:  Undefined variable: tab_reward in D:\wamp\www\kaucoder\extreme\root\admin\view\template\extension\shipping\oca.tpl on line 48
2017-06-29 16:31:33 - PHP Notice:  Undefined variable: tab_design in D:\wamp\www\kaucoder\extreme\root\admin\view\template\extension\shipping\oca.tpl on line 49
2017-06-29 16:31:33 - PHP Notice:  Undefined variable: help_idoperativa in D:\wamp\www\kaucoder\extreme\root\admin\view\template\extension\shipping\oca.tpl on line 157
2017-06-29 16:31:33 - PHP Notice:  Undefined variable: help_descripcion in D:\wamp\www\kaucoder\extreme\root\admin\view\template\extension\shipping\oca.tpl on line 158
2017-06-29 16:31:33 - PHP Notice:  Undefined variable: help_sucursal in D:\wamp\www\kaucoder\extreme\root\admin\view\template\extension\shipping\oca.tpl on line 159
2017-06-29 16:31:33 - PHP Notice:  Undefined variable: help_seguro in D:\wamp\www\kaucoder\extreme\root\admin\view\template\extension\shipping\oca.tpl on line 160
2017-06-29 16:31:33 - PHP Notice:  Undefined variable: help_prioritario in D:\wamp\www\kaucoder\extreme\root\admin\view\template\extension\shipping\oca.tpl on line 161
2017-06-29 16:31:33 - PHP Notice:  Undefined variable: help_destino in D:\wamp\www\kaucoder\extreme\root\admin\view\template\extension\shipping\oca.tpl on line 162
2017-06-29 16:31:33 - PHP Notice:  Undefined variable: help_idoperativa in D:\wamp\www\kaucoder\extreme\root\admin\view\template\extension\shipping\oca.tpl on line 615
2017-06-29 16:31:33 - PHP Notice:  Undefined variable: help_descripcion in D:\wamp\www\kaucoder\extreme\root\admin\view\template\extension\shipping\oca.tpl on line 616
2017-06-29 16:31:33 - PHP Notice:  Undefined variable: help_sucursal in D:\wamp\www\kaucoder\extreme\root\admin\view\template\extension\shipping\oca.tpl on line 617
2017-06-29 16:31:33 - PHP Notice:  Undefined variable: help_seguro in D:\wamp\www\kaucoder\extreme\root\admin\view\template\extension\shipping\oca.tpl on line 618
2017-06-29 16:31:33 - PHP Notice:  Undefined variable: help_prioritario in D:\wamp\www\kaucoder\extreme\root\admin\view\template\extension\shipping\oca.tpl on line 619
2017-06-29 16:31:33 - PHP Notice:  Undefined variable: help_destino in D:\wamp\www\kaucoder\extreme\root\admin\view\template\extension\shipping\oca.tpl on line 620
2017-06-29 16:31:33 - PHP Notice:  Undefined variable: text_wait in D:\wamp\www\kaucoder\extreme\root\admin\view\template\extension\shipping\oca.tpl on line 962
2017-06-29 16:32:22 - PHP Notice:  Undefined variable: tab_links in D:\wamp\www\kaucoder\extreme\root\admin\view\template\extension\shipping\oca.tpl on line 41
2017-06-29 16:32:22 - PHP Notice:  Undefined variable: tab_attribute in D:\wamp\www\kaucoder\extreme\root\admin\view\template\extension\shipping\oca.tpl on line 42
2017-06-29 16:32:22 - PHP Notice:  Undefined variable: tab_option in D:\wamp\www\kaucoder\extreme\root\admin\view\template\extension\shipping\oca.tpl on line 43
2017-06-29 16:32:22 - PHP Notice:  Undefined variable: tab_recurring in D:\wamp\www\kaucoder\extreme\root\admin\view\template\extension\shipping\oca.tpl on line 44
2017-06-29 16:32:22 - PHP Notice:  Undefined variable: tab_discount in D:\wamp\www\kaucoder\extreme\root\admin\view\template\extension\shipping\oca.tpl on line 45
2017-06-29 16:32:22 - PHP Notice:  Undefined variable: tab_special in D:\wamp\www\kaucoder\extreme\root\admin\view\template\extension\shipping\oca.tpl on line 46
2017-06-29 16:32:22 - PHP Notice:  Undefined variable: tab_image in D:\wamp\www\kaucoder\extreme\root\admin\view\template\extension\shipping\oca.tpl on line 47
2017-06-29 16:32:22 - PHP Notice:  Undefined variable: tab_reward in D:\wamp\www\kaucoder\extreme\root\admin\view\template\extension\shipping\oca.tpl on line 48
2017-06-29 16:32:22 - PHP Notice:  Undefined variable: tab_design in D:\wamp\www\kaucoder\extreme\root\admin\view\template\extension\shipping\oca.tpl on line 49
2017-06-29 16:32:22 - PHP Notice:  Undefined variable: help_idoperativa in D:\wamp\www\kaucoder\extreme\root\admin\view\template\extension\shipping\oca.tpl on line 157
2017-06-29 16:32:22 - PHP Notice:  Undefined variable: help_descripcion in D:\wamp\www\kaucoder\extreme\root\admin\view\template\extension\shipping\oca.tpl on line 158
2017-06-29 16:32:22 - PHP Notice:  Undefined variable: help_sucursal in D:\wamp\www\kaucoder\extreme\root\admin\view\template\extension\shipping\oca.tpl on line 159
2017-06-29 16:32:22 - PHP Notice:  Undefined variable: help_seguro in D:\wamp\www\kaucoder\extreme\root\admin\view\template\extension\shipping\oca.tpl on line 160
2017-06-29 16:32:22 - PHP Notice:  Undefined variable: help_prioritario in D:\wamp\www\kaucoder\extreme\root\admin\view\template\extension\shipping\oca.tpl on line 161
2017-06-29 16:32:22 - PHP Notice:  Undefined variable: help_destino in D:\wamp\www\kaucoder\extreme\root\admin\view\template\extension\shipping\oca.tpl on line 162
2017-06-29 16:32:22 - PHP Notice:  Undefined variable: help_idoperativa in D:\wamp\www\kaucoder\extreme\root\admin\view\template\extension\shipping\oca.tpl on line 615
2017-06-29 16:32:22 - PHP Notice:  Undefined variable: help_descripcion in D:\wamp\www\kaucoder\extreme\root\admin\view\template\extension\shipping\oca.tpl on line 616
2017-06-29 16:32:22 - PHP Notice:  Undefined variable: help_sucursal in D:\wamp\www\kaucoder\extreme\root\admin\view\template\extension\shipping\oca.tpl on line 617
2017-06-29 16:32:22 - PHP Notice:  Undefined variable: help_seguro in D:\wamp\www\kaucoder\extreme\root\admin\view\template\extension\shipping\oca.tpl on line 618
2017-06-29 16:32:22 - PHP Notice:  Undefined variable: help_prioritario in D:\wamp\www\kaucoder\extreme\root\admin\view\template\extension\shipping\oca.tpl on line 619
2017-06-29 16:32:22 - PHP Notice:  Undefined variable: help_destino in D:\wamp\www\kaucoder\extreme\root\admin\view\template\extension\shipping\oca.tpl on line 620
2017-06-29 16:32:22 - PHP Notice:  Undefined variable: text_wait in D:\wamp\www\kaucoder\extreme\root\admin\view\template\extension\shipping\oca.tpl on line 962
2017-06-29 16:33:10 - PHP Notice:  Undefined variable: tab_links in D:\wamp\www\kaucoder\extreme\root\admin\view\template\extension\shipping\oca.tpl on line 41
2017-06-29 16:33:10 - PHP Notice:  Undefined variable: tab_attribute in D:\wamp\www\kaucoder\extreme\root\admin\view\template\extension\shipping\oca.tpl on line 42
2017-06-29 16:33:10 - PHP Notice:  Undefined variable: tab_option in D:\wamp\www\kaucoder\extreme\root\admin\view\template\extension\shipping\oca.tpl on line 43
2017-06-29 16:33:10 - PHP Notice:  Undefined variable: tab_recurring in D:\wamp\www\kaucoder\extreme\root\admin\view\template\extension\shipping\oca.tpl on line 44
2017-06-29 16:33:10 - PHP Notice:  Undefined variable: tab_discount in D:\wamp\www\kaucoder\extreme\root\admin\view\template\extension\shipping\oca.tpl on line 45
2017-06-29 16:33:10 - PHP Notice:  Undefined variable: tab_special in D:\wamp\www\kaucoder\extreme\root\admin\view\template\extension\shipping\oca.tpl on line 46
2017-06-29 16:33:10 - PHP Notice:  Undefined variable: tab_image in D:\wamp\www\kaucoder\extreme\root\admin\view\template\extension\shipping\oca.tpl on line 47
2017-06-29 16:33:10 - PHP Notice:  Undefined variable: tab_reward in D:\wamp\www\kaucoder\extreme\root\admin\view\template\extension\shipping\oca.tpl on line 48
2017-06-29 16:33:10 - PHP Notice:  Undefined variable: tab_design in D:\wamp\www\kaucoder\extreme\root\admin\view\template\extension\shipping\oca.tpl on line 49
2017-06-29 16:33:10 - PHP Notice:  Undefined variable: help_idoperativa in D:\wamp\www\kaucoder\extreme\root\admin\view\template\extension\shipping\oca.tpl on line 157
2017-06-29 16:33:10 - PHP Notice:  Undefined variable: help_descripcion in D:\wamp\www\kaucoder\extreme\root\admin\view\template\extension\shipping\oca.tpl on line 158
2017-06-29 16:33:10 - PHP Notice:  Undefined variable: help_sucursal in D:\wamp\www\kaucoder\extreme\root\admin\view\template\extension\shipping\oca.tpl on line 159
2017-06-29 16:33:10 - PHP Notice:  Undefined variable: help_seguro in D:\wamp\www\kaucoder\extreme\root\admin\view\template\extension\shipping\oca.tpl on line 160
2017-06-29 16:33:10 - PHP Notice:  Undefined variable: help_prioritario in D:\wamp\www\kaucoder\extreme\root\admin\view\template\extension\shipping\oca.tpl on line 161
2017-06-29 16:33:10 - PHP Notice:  Undefined variable: help_destino in D:\wamp\www\kaucoder\extreme\root\admin\view\template\extension\shipping\oca.tpl on line 162
2017-06-29 16:33:10 - PHP Notice:  Undefined variable: help_idoperativa in D:\wamp\www\kaucoder\extreme\root\admin\view\template\extension\shipping\oca.tpl on line 615
2017-06-29 16:33:10 - PHP Notice:  Undefined variable: help_descripcion in D:\wamp\www\kaucoder\extreme\root\admin\view\template\extension\shipping\oca.tpl on line 616
2017-06-29 16:33:10 - PHP Notice:  Undefined variable: help_sucursal in D:\wamp\www\kaucoder\extreme\root\admin\view\template\extension\shipping\oca.tpl on line 617
2017-06-29 16:33:10 - PHP Notice:  Undefined variable: help_seguro in D:\wamp\www\kaucoder\extreme\root\admin\view\template\extension\shipping\oca.tpl on line 618
2017-06-29 16:33:10 - PHP Notice:  Undefined variable: help_prioritario in D:\wamp\www\kaucoder\extreme\root\admin\view\template\extension\shipping\oca.tpl on line 619
2017-06-29 16:33:10 - PHP Notice:  Undefined variable: help_destino in D:\wamp\www\kaucoder\extreme\root\admin\view\template\extension\shipping\oca.tpl on line 620
2017-06-29 16:33:10 - PHP Notice:  Undefined variable: text_wait in D:\wamp\www\kaucoder\extreme\root\admin\view\template\extension\shipping\oca.tpl on line 962
2017-06-29 16:41:02 - PHP Notice:  Undefined variable: tab_links in D:\wamp\www\kaucoder\extreme\root\admin\view\template\extension\shipping\oca.tpl on line 41
2017-06-29 16:41:02 - PHP Notice:  Undefined variable: tab_attribute in D:\wamp\www\kaucoder\extreme\root\admin\view\template\extension\shipping\oca.tpl on line 42
2017-06-29 16:41:02 - PHP Notice:  Undefined variable: tab_option in D:\wamp\www\kaucoder\extreme\root\admin\view\template\extension\shipping\oca.tpl on line 43
2017-06-29 16:41:02 - PHP Notice:  Undefined variable: tab_recurring in D:\wamp\www\kaucoder\extreme\root\admin\view\template\extension\shipping\oca.tpl on line 44
2017-06-29 16:41:02 - PHP Notice:  Undefined variable: tab_discount in D:\wamp\www\kaucoder\extreme\root\admin\view\template\extension\shipping\oca.tpl on line 45
2017-06-29 16:41:02 - PHP Notice:  Undefined variable: tab_special in D:\wamp\www\kaucoder\extreme\root\admin\view\template\extension\shipping\oca.tpl on line 46
2017-06-29 16:41:02 - PHP Notice:  Undefined variable: tab_image in D:\wamp\www\kaucoder\extreme\root\admin\view\template\extension\shipping\oca.tpl on line 47
2017-06-29 16:41:02 - PHP Notice:  Undefined variable: tab_reward in D:\wamp\www\kaucoder\extreme\root\admin\view\template\extension\shipping\oca.tpl on line 48
2017-06-29 16:41:02 - PHP Notice:  Undefined variable: tab_design in D:\wamp\www\kaucoder\extreme\root\admin\view\template\extension\shipping\oca.tpl on line 49
2017-06-29 16:41:02 - PHP Notice:  Undefined variable: help_idoperativa in D:\wamp\www\kaucoder\extreme\root\admin\view\template\extension\shipping\oca.tpl on line 157
2017-06-29 16:41:02 - PHP Notice:  Undefined variable: help_descripcion in D:\wamp\www\kaucoder\extreme\root\admin\view\template\extension\shipping\oca.tpl on line 158
2017-06-29 16:41:02 - PHP Notice:  Undefined variable: help_sucursal in D:\wamp\www\kaucoder\extreme\root\admin\view\template\extension\shipping\oca.tpl on line 159
2017-06-29 16:41:02 - PHP Notice:  Undefined variable: help_seguro in D:\wamp\www\kaucoder\extreme\root\admin\view\template\extension\shipping\oca.tpl on line 160
2017-06-29 16:41:02 - PHP Notice:  Undefined variable: help_prioritario in D:\wamp\www\kaucoder\extreme\root\admin\view\template\extension\shipping\oca.tpl on line 161
2017-06-29 16:41:02 - PHP Notice:  Undefined variable: help_destino in D:\wamp\www\kaucoder\extreme\root\admin\view\template\extension\shipping\oca.tpl on line 162
2017-06-29 16:41:02 - PHP Notice:  Undefined variable: help_idoperativa in D:\wamp\www\kaucoder\extreme\root\admin\view\template\extension\shipping\oca.tpl on line 615
2017-06-29 16:41:02 - PHP Notice:  Undefined variable: help_descripcion in D:\wamp\www\kaucoder\extreme\root\admin\view\template\extension\shipping\oca.tpl on line 616
2017-06-29 16:41:02 - PHP Notice:  Undefined variable: help_sucursal in D:\wamp\www\kaucoder\extreme\root\admin\view\template\extension\shipping\oca.tpl on line 617
2017-06-29 16:41:02 - PHP Notice:  Undefined variable: help_seguro in D:\wamp\www\kaucoder\extreme\root\admin\view\template\extension\shipping\oca.tpl on line 618
2017-06-29 16:41:02 - PHP Notice:  Undefined variable: help_prioritario in D:\wamp\www\kaucoder\extreme\root\admin\view\template\extension\shipping\oca.tpl on line 619
2017-06-29 16:41:02 - PHP Notice:  Undefined variable: help_destino in D:\wamp\www\kaucoder\extreme\root\admin\view\template\extension\shipping\oca.tpl on line 620
2017-06-29 16:41:02 - PHP Notice:  Undefined variable: text_wait in D:\wamp\www\kaucoder\extreme\root\admin\view\template\extension\shipping\oca.tpl on line 962
2017-06-30 12:36:26 - PHP Warning:  Invalid argument supplied for foreach() in D:\wamp\www\kaucoder\extreme\root\admin\controller\extension\payment\mp_standard.php on line 114
2017-06-30 12:36:27 - PHP Warning:  Invalid argument supplied for foreach() in D:\wamp\www\kaucoder\extreme\root\admin\view\template\extension\payment\mp_standard.tpl on line 99
2017-08-31 16:46:02 - PHP Warning:  implode(): Invalid arguments passed in D:\wamp\www\kaucoder\extreme\root\admin\controller\common\header.php on line 58
2017-08-31 16:46:02 - PHP Warning:  implode(): Invalid arguments passed in D:\wamp\www\kaucoder\extreme\root\admin\controller\common\header.php on line 59
2017-08-31 16:46:02 - PHP Warning:  implode(): Invalid arguments passed in D:\wamp\www\kaucoder\extreme\root\admin\controller\common\header.php on line 62
2017-08-31 16:46:02 - PHP Warning:  implode(): Invalid arguments passed in D:\wamp\www\kaucoder\extreme\root\admin\controller\common\header.php on line 63
2017-08-31 16:46:03 - PHP Warning:  implode(): Invalid arguments passed in D:\wamp\www\kaucoder\extreme\root\admin\controller\common\column_left.php on line 847
2017-08-31 16:46:03 - PHP Warning:  implode(): Invalid arguments passed in D:\wamp\www\kaucoder\extreme\root\admin\controller\common\column_left.php on line 855
2017-08-31 16:46:03 - PHP Warning:  array_merge(): Argument #1 is not an array in D:\wamp\www\kaucoder\extreme\root\admin\controller\common\column_left.php on line 870
2017-08-31 16:46:03 - PHP Warning:  in_array() expects parameter 2 to be array, null given in D:\wamp\www\kaucoder\extreme\root\admin\controller\common\column_left.php on line 870
2017-08-31 16:46:03 - PHP Warning:  array_merge(): Argument #1 is not an array in D:\wamp\www\kaucoder\extreme\root\admin\controller\common\column_left.php on line 870
2017-08-31 16:46:03 - PHP Warning:  in_array() expects parameter 2 to be array, null given in D:\wamp\www\kaucoder\extreme\root\admin\controller\common\column_left.php on line 870
2017-08-31 16:46:03 - PHP Warning:  array_merge(): Argument #1 is not an array in D:\wamp\www\kaucoder\extreme\root\admin\controller\common\column_left.php on line 870
2017-08-31 16:46:03 - PHP Warning:  in_array() expects parameter 2 to be array, null given in D:\wamp\www\kaucoder\extreme\root\admin\controller\common\column_left.php on line 870
2017-08-31 16:46:03 - PHP Warning:  array_merge(): Argument #1 is not an array in D:\wamp\www\kaucoder\extreme\root\admin\controller\common\column_left.php on line 870
2017-08-31 16:46:03 - PHP Warning:  in_array() expects parameter 2 to be array, null given in D:\wamp\www\kaucoder\extreme\root\admin\controller\common\column_left.php on line 870
2017-08-31 16:46:03 - PHP Warning:  array_merge(): Argument #1 is not an array in D:\wamp\www\kaucoder\extreme\root\admin\controller\common\column_left.php on line 870
2017-08-31 16:46:03 - PHP Warning:  in_array() expects parameter 2 to be array, null given in D:\wamp\www\kaucoder\extreme\root\admin\controller\common\column_left.php on line 870
2017-08-31 16:46:03 - PHP Warning:  array_merge(): Argument #1 is not an array in D:\wamp\www\kaucoder\extreme\root\admin\controller\common\column_left.php on line 870
2017-08-31 16:46:03 - PHP Warning:  in_array() expects parameter 2 to be array, null given in D:\wamp\www\kaucoder\extreme\root\admin\controller\common\column_left.php on line 870
2017-08-31 16:46:03 - PHP Warning:  array_merge(): Argument #1 is not an array in D:\wamp\www\kaucoder\extreme\root\admin\controller\common\column_left.php on line 870
2017-08-31 16:46:03 - PHP Warning:  in_array() expects parameter 2 to be array, null given in D:\wamp\www\kaucoder\extreme\root\admin\controller\common\column_left.php on line 870
2017-08-31 16:46:03 - PHP Warning:  array_merge(): Argument #1 is not an array in D:\wamp\www\kaucoder\extreme\root\admin\controller\common\column_left.php on line 870
2017-08-31 16:46:03 - PHP Warning:  in_array() expects parameter 2 to be array, null given in D:\wamp\www\kaucoder\extreme\root\admin\controller\common\column_left.php on line 870
2017-08-31 16:46:03 - PHP Warning:  array_merge(): Argument #1 is not an array in D:\wamp\www\kaucoder\extreme\root\admin\controller\common\column_left.php on line 870
2017-08-31 16:46:03 - PHP Warning:  in_array() expects parameter 2 to be array, null given in D:\wamp\www\kaucoder\extreme\root\admin\controller\common\column_left.php on line 870
2017-08-31 16:46:03 - PHP Warning:  array_merge(): Argument #1 is not an array in D:\wamp\www\kaucoder\extreme\root\admin\controller\common\column_left.php on line 870
2017-08-31 16:46:03 - PHP Warning:  in_array() expects parameter 2 to be array, null given in D:\wamp\www\kaucoder\extreme\root\admin\controller\common\column_left.php on line 870
2017-08-31 16:46:03 - PHP Warning:  array_merge(): Argument #1 is not an array in D:\wamp\www\kaucoder\extreme\root\admin\controller\common\column_left.php on line 870
2017-08-31 16:46:03 - PHP Warning:  in_array() expects parameter 2 to be array, null given in D:\wamp\www\kaucoder\extreme\root\admin\controller\common\column_left.php on line 870
2017-08-31 16:46:03 - PHP Warning:  array_merge(): Argument #1 is not an array in D:\wamp\www\kaucoder\extreme\root\admin\controller\common\column_left.php on line 870
2017-08-31 16:46:03 - PHP Warning:  in_array() expects parameter 2 to be array, null given in D:\wamp\www\kaucoder\extreme\root\admin\controller\common\column_left.php on line 870
2017-08-31 16:46:03 - PHP Warning:  array_merge(): Argument #1 is not an array in D:\wamp\www\kaucoder\extreme\root\admin\controller\common\column_left.php on line 870
2017-08-31 16:46:03 - PHP Warning:  in_array() expects parameter 2 to be array, null given in D:\wamp\www\kaucoder\extreme\root\admin\controller\common\column_left.php on line 870
2017-08-31 16:46:03 - PHP Warning:  array_merge(): Argument #1 is not an array in D:\wamp\www\kaucoder\extreme\root\admin\controller\common\column_left.php on line 870
2017-08-31 16:46:03 - PHP Warning:  in_array() expects parameter 2 to be array, null given in D:\wamp\www\kaucoder\extreme\root\admin\controller\common\column_left.php on line 870
2017-08-31 16:46:46 - PHP Notice:  Undefined offset: 4 in D:\wamp\www\kaucoder\extreme\root\catalog\view\theme\up-theme\template\common\footer.tpl on line 4
2017-08-31 16:46:46 - PHP Notice:  Undefined offset: 4 in D:\wamp\www\kaucoder\extreme\root\catalog\view\theme\up-theme\template\common\footer.tpl on line 4
2017-08-31 16:46:46 - PHP Notice:  Undefined offset: 4 in D:\wamp\www\kaucoder\extreme\root\catalog\view\theme\up-theme\template\common\footer.tpl on line 4
2017-08-31 16:46:46 - PHP Notice:  Undefined offset: 4 in D:\wamp\www\kaucoder\extreme\root\catalog\view\theme\up-theme\template\common\footer.tpl on line 4
2017-08-31 16:46:46 - PHP Notice:  Undefined offset: 4 in D:\wamp\www\kaucoder\extreme\root\catalog\view\theme\up-theme\template\common\header.tpl on line 1870
2017-08-31 16:46:46 - PHP Notice:  Undefined offset: 4 in D:\wamp\www\kaucoder\extreme\root\catalog\view\theme\up-theme\template\common\header.tpl on line 1870
2017-08-31 16:46:46 - PHP Notice:  Undefined offset: 4 in D:\wamp\www\kaucoder\extreme\root\catalog\view\theme\up-theme\template\common\header.tpl on line 1870
2017-08-31 16:46:46 - PHP Notice:  Undefined offset: 4 in D:\wamp\www\kaucoder\extreme\root\catalog\view\theme\up-theme\template\common\header.tpl on line 1870
2017-08-31 16:46:46 - PHP Notice:  Undefined offset: 4 in D:\wamp\www\kaucoder\extreme\root\catalog\view\theme\up-theme\template\common\header.tpl on line 1870
2017-08-31 16:46:46 - PHP Notice:  Undefined offset: 4 in D:\wamp\www\kaucoder\extreme\root\catalog\view\theme\up-theme\template\common\header.tpl on line 1870
2017-08-31 16:46:46 - PHP Notice:  Undefined offset: 4 in D:\wamp\www\kaucoder\extreme\root\catalog\view\theme\up-theme\template\common\header.tpl on line 1870
2017-08-31 16:46:46 - PHP Notice:  Undefined offset: 4 in D:\wamp\www\kaucoder\extreme\root\catalog\view\theme\up-theme\template\common\header.tpl on line 1870
2017-08-31 16:46:46 - PHP Notice:  Undefined offset: 4 in D:\wamp\www\kaucoder\extreme\root\catalog\view\theme\up-theme\template\common\header.tpl on line 1870
2017-08-31 16:46:46 - PHP Notice:  Undefined offset: 4 in D:\wamp\www\kaucoder\extreme\root\catalog\view\theme\up-theme\template\common\header.tpl on line 1870
2017-08-31 16:46:46 - PHP Notice:  Undefined offset: 4 in D:\wamp\www\kaucoder\extreme\root\catalog\view\theme\up-theme\template\common\header.tpl on line 1870
2017-08-31 16:46:46 - PHP Notice:  Undefined offset: 4 in D:\wamp\www\kaucoder\extreme\root\catalog\view\theme\up-theme\template\common\header.tpl on line 1870
2017-08-31 16:46:46 - PHP Notice:  Undefined offset: 4 in D:\wamp\www\kaucoder\extreme\root\catalog\view\theme\up-theme\template\common\header.tpl on line 1870
2017-08-31 16:46:46 - PHP Notice:  Undefined offset: 4 in D:\wamp\www\kaucoder\extreme\root\catalog\view\theme\up-theme\template\common\header.tpl on line 1870
2017-08-31 16:46:46 - PHP Notice:  Undefined offset: 4 in D:\wamp\www\kaucoder\extreme\root\catalog\view\theme\up-theme\template\common\header.tpl on line 1870
2017-08-31 16:47:01 - PHP Notice:  Undefined offset: 4 in D:\wamp\www\kaucoder\extreme\root\catalog\view\theme\up-theme\template\common\footer.tpl on line 4
2017-08-31 16:47:01 - PHP Notice:  Undefined offset: 4 in D:\wamp\www\kaucoder\extreme\root\catalog\view\theme\up-theme\template\common\footer.tpl on line 4
2017-08-31 16:47:01 - PHP Notice:  Undefined offset: 4 in D:\wamp\www\kaucoder\extreme\root\catalog\view\theme\up-theme\template\common\footer.tpl on line 4
2017-08-31 16:47:01 - PHP Notice:  Undefined offset: 4 in D:\wamp\www\kaucoder\extreme\root\catalog\view\theme\up-theme\template\common\footer.tpl on line 4
2017-08-31 16:47:01 - PHP Notice:  Undefined offset: 4 in D:\wamp\www\kaucoder\extreme\root\catalog\view\theme\up-theme\template\common\header.tpl on line 1870
2017-08-31 16:47:01 - PHP Notice:  Undefined offset: 4 in D:\wamp\www\kaucoder\extreme\root\catalog\view\theme\up-theme\template\common\header.tpl on line 1870
2017-08-31 16:47:01 - PHP Notice:  Undefined offset: 4 in D:\wamp\www\kaucoder\extreme\root\catalog\view\theme\up-theme\template\common\header.tpl on line 1870
2017-08-31 16:47:01 - PHP Notice:  Undefined offset: 4 in D:\wamp\www\kaucoder\extreme\root\catalog\view\theme\up-theme\template\common\header.tpl on line 1870
2017-08-31 16:47:01 - PHP Notice:  Undefined offset: 4 in D:\wamp\www\kaucoder\extreme\root\catalog\view\theme\up-theme\template\common\header.tpl on line 1870
2017-08-31 16:47:01 - PHP Notice:  Undefined offset: 4 in D:\wamp\www\kaucoder\extreme\root\catalog\view\theme\up-theme\template\common\header.tpl on line 1870
2017-08-31 16:47:01 - PHP Notice:  Undefined offset: 4 in D:\wamp\www\kaucoder\extreme\root\catalog\view\theme\up-theme\template\common\header.tpl on line 1870
2017-08-31 16:47:01 - PHP Notice:  Undefined offset: 4 in D:\wamp\www\kaucoder\extreme\root\catalog\view\theme\up-theme\template\common\header.tpl on line 1870
2017-08-31 16:47:01 - PHP Notice:  Undefined offset: 4 in D:\wamp\www\kaucoder\extreme\root\catalog\view\theme\up-theme\template\common\header.tpl on line 1870
2017-08-31 16:47:01 - PHP Notice:  Undefined offset: 4 in D:\wamp\www\kaucoder\extreme\root\catalog\view\theme\up-theme\template\common\header.tpl on line 1870
2017-08-31 16:47:01 - PHP Notice:  Undefined offset: 4 in D:\wamp\www\kaucoder\extreme\root\catalog\view\theme\up-theme\template\common\header.tpl on line 1870
2017-08-31 16:47:01 - PHP Notice:  Undefined offset: 4 in D:\wamp\www\kaucoder\extreme\root\catalog\view\theme\up-theme\template\common\header.tpl on line 1870
2017-08-31 16:47:01 - PHP Notice:  Undefined offset: 4 in D:\wamp\www\kaucoder\extreme\root\catalog\view\theme\up-theme\template\common\header.tpl on line 1870
2017-08-31 16:47:01 - PHP Notice:  Undefined offset: 4 in D:\wamp\www\kaucoder\extreme\root\catalog\view\theme\up-theme\template\common\header.tpl on line 1870
2017-08-31 16:47:01 - PHP Notice:  Undefined offset: 4 in D:\wamp\www\kaucoder\extreme\root\catalog\view\theme\up-theme\template\common\header.tpl on line 1870
2017-08-31 16:51:27 - PHP Notice:  Undefined offset: 4 in D:\wamp\www\kaucoder\extreme\root\catalog\view\theme\up-theme\template\common\footer.tpl on line 4
2017-08-31 16:51:27 - PHP Notice:  Undefined offset: 4 in D:\wamp\www\kaucoder\extreme\root\catalog\view\theme\up-theme\template\common\footer.tpl on line 4
2017-08-31 16:51:27 - PHP Notice:  Undefined offset: 4 in D:\wamp\www\kaucoder\extreme\root\catalog\view\theme\up-theme\template\common\footer.tpl on line 4
2017-08-31 16:51:27 - PHP Notice:  Undefined offset: 4 in D:\wamp\www\kaucoder\extreme\root\catalog\view\theme\up-theme\template\common\footer.tpl on line 4
2017-08-31 16:51:27 - PHP Notice:  Undefined offset: 4 in D:\wamp\www\kaucoder\extreme\root\catalog\view\theme\up-theme\template\common\header.tpl on line 1870
2017-08-31 16:51:27 - PHP Notice:  Undefined offset: 4 in D:\wamp\www\kaucoder\extreme\root\catalog\view\theme\up-theme\template\common\header.tpl on line 1870
2017-08-31 16:51:27 - PHP Notice:  Undefined offset: 4 in D:\wamp\www\kaucoder\extreme\root\catalog\view\theme\up-theme\template\common\header.tpl on line 1870
2017-08-31 16:51:27 - PHP Notice:  Undefined offset: 4 in D:\wamp\www\kaucoder\extreme\root\catalog\view\theme\up-theme\template\common\header.tpl on line 1870
2017-08-31 16:51:27 - PHP Notice:  Undefined offset: 4 in D:\wamp\www\kaucoder\extreme\root\catalog\view\theme\up-theme\template\common\header.tpl on line 1870
2017-08-31 16:51:27 - PHP Notice:  Undefined offset: 4 in D:\wamp\www\kaucoder\extreme\root\catalog\view\theme\up-theme\template\common\header.tpl on line 1870
2017-08-31 16:51:27 - PHP Notice:  Undefined offset: 4 in D:\wamp\www\kaucoder\extreme\root\catalog\view\theme\up-theme\template\common\header.tpl on line 1870
2017-08-31 16:51:27 - PHP Notice:  Undefined offset: 4 in D:\wamp\www\kaucoder\extreme\root\catalog\view\theme\up-theme\template\common\header.tpl on line 1870
2017-08-31 16:51:27 - PHP Notice:  Undefined offset: 4 in D:\wamp\www\kaucoder\extreme\root\catalog\view\theme\up-theme\template\common\header.tpl on line 1870
2017-08-31 16:51:27 - PHP Notice:  Undefined offset: 4 in D:\wamp\www\kaucoder\extreme\root\catalog\view\theme\up-theme\template\common\header.tpl on line 1870
2017-08-31 16:51:27 - PHP Notice:  Undefined offset: 4 in D:\wamp\www\kaucoder\extreme\root\catalog\view\theme\up-theme\template\common\header.tpl on line 1870
2017-08-31 16:51:27 - PHP Notice:  Undefined offset: 4 in D:\wamp\www\kaucoder\extreme\root\catalog\view\theme\up-theme\template\common\header.tpl on line 1870
2017-08-31 16:51:27 - PHP Notice:  Undefined offset: 4 in D:\wamp\www\kaucoder\extreme\root\catalog\view\theme\up-theme\template\common\header.tpl on line 1870
2017-08-31 16:51:27 - PHP Notice:  Undefined offset: 4 in D:\wamp\www\kaucoder\extreme\root\catalog\view\theme\up-theme\template\common\header.tpl on line 1870
2017-08-31 16:51:27 - PHP Notice:  Undefined offset: 4 in D:\wamp\www\kaucoder\extreme\root\catalog\view\theme\up-theme\template\common\header.tpl on line 1870
2017-08-31 16:51:37 - PHP Notice:  Undefined offset: 4 in D:\wamp\www\kaucoder\extreme\root\catalog\view\theme\up-theme\template\common\footer.tpl on line 4
2017-08-31 16:51:37 - PHP Notice:  Undefined offset: 4 in D:\wamp\www\kaucoder\extreme\root\catalog\view\theme\up-theme\template\common\footer.tpl on line 4
2017-08-31 16:51:37 - PHP Notice:  Undefined offset: 4 in D:\wamp\www\kaucoder\extreme\root\catalog\view\theme\up-theme\template\common\footer.tpl on line 4
2017-08-31 16:51:37 - PHP Notice:  Undefined offset: 4 in D:\wamp\www\kaucoder\extreme\root\catalog\view\theme\up-theme\template\common\footer.tpl on line 4
2017-08-31 16:51:37 - PHP Notice:  Undefined offset: 4 in D:\wamp\www\kaucoder\extreme\root\catalog\view\theme\up-theme\template\common\header.tpl on line 1870
2017-08-31 16:51:37 - PHP Notice:  Undefined offset: 4 in D:\wamp\www\kaucoder\extreme\root\catalog\view\theme\up-theme\template\common\header.tpl on line 1870
2017-08-31 16:51:37 - PHP Notice:  Undefined offset: 4 in D:\wamp\www\kaucoder\extreme\root\catalog\view\theme\up-theme\template\common\header.tpl on line 1870
2017-08-31 16:51:37 - PHP Notice:  Undefined offset: 4 in D:\wamp\www\kaucoder\extreme\root\catalog\view\theme\up-theme\template\common\header.tpl on line 1870
2017-08-31 16:51:37 - PHP Notice:  Undefined offset: 4 in D:\wamp\www\kaucoder\extreme\root\catalog\view\theme\up-theme\template\common\header.tpl on line 1870
2017-08-31 16:51:37 - PHP Notice:  Undefined offset: 4 in D:\wamp\www\kaucoder\extreme\root\catalog\view\theme\up-theme\template\common\header.tpl on line 1870
2017-08-31 16:51:37 - PHP Notice:  Undefined offset: 4 in D:\wamp\www\kaucoder\extreme\root\catalog\view\theme\up-theme\template\common\header.tpl on line 1870
2017-08-31 16:51:37 - PHP Notice:  Undefined offset: 4 in D:\wamp\www\kaucoder\extreme\root\catalog\view\theme\up-theme\template\common\header.tpl on line 1870
2017-08-31 16:51:37 - PHP Notice:  Undefined offset: 4 in D:\wamp\www\kaucoder\extreme\root\catalog\view\theme\up-theme\template\common\header.tpl on line 1870
2017-08-31 16:51:37 - PHP Notice:  Undefined offset: 4 in D:\wamp\www\kaucoder\extreme\root\catalog\view\theme\up-theme\template\common\header.tpl on line 1870
2017-08-31 16:51:37 - PHP Notice:  Undefined offset: 4 in D:\wamp\www\kaucoder\extreme\root\catalog\view\theme\up-theme\template\common\header.tpl on line 1870
2017-08-31 16:51:37 - PHP Notice:  Undefined offset: 4 in D:\wamp\www\kaucoder\extreme\root\catalog\view\theme\up-theme\template\common\header.tpl on line 1870
2017-08-31 16:51:37 - PHP Notice:  Undefined offset: 4 in D:\wamp\www\kaucoder\extreme\root\catalog\view\theme\up-theme\template\common\header.tpl on line 1870
2017-08-31 16:51:37 - PHP Notice:  Undefined offset: 4 in D:\wamp\www\kaucoder\extreme\root\catalog\view\theme\up-theme\template\common\header.tpl on line 1870
2017-08-31 16:51:37 - PHP Notice:  Undefined offset: 4 in D:\wamp\www\kaucoder\extreme\root\catalog\view\theme\up-theme\template\common\header.tpl on line 1870
2017-08-31 16:52:35 - PHP Notice:  Undefined offset: 4 in D:\wamp\www\kaucoder\extreme\root\catalog\view\theme\up-theme\template\common\footer.tpl on line 4
2017-08-31 16:52:35 - PHP Notice:  Undefined offset: 4 in D:\wamp\www\kaucoder\extreme\root\catalog\view\theme\up-theme\template\common\footer.tpl on line 4
2017-08-31 16:52:35 - PHP Notice:  Undefined offset: 4 in D:\wamp\www\kaucoder\extreme\root\catalog\view\theme\up-theme\template\common\footer.tpl on line 4
2017-08-31 16:52:35 - PHP Notice:  Undefined offset: 4 in D:\wamp\www\kaucoder\extreme\root\catalog\view\theme\up-theme\template\common\footer.tpl on line 4
2017-08-31 16:52:35 - PHP Notice:  Undefined offset: 4 in D:\wamp\www\kaucoder\extreme\root\catalog\view\theme\up-theme\template\common\header.tpl on line 1870
2017-08-31 16:52:35 - PHP Notice:  Undefined offset: 4 in D:\wamp\www\kaucoder\extreme\root\catalog\view\theme\up-theme\template\common\header.tpl on line 1870
2017-08-31 16:52:35 - PHP Notice:  Undefined offset: 4 in D:\wamp\www\kaucoder\extreme\root\catalog\view\theme\up-theme\template\common\header.tpl on line 1870
2017-08-31 16:52:35 - PHP Notice:  Undefined offset: 4 in D:\wamp\www\kaucoder\extreme\root\catalog\view\theme\up-theme\template\common\header.tpl on line 1870
2017-08-31 16:52:35 - PHP Notice:  Undefined offset: 4 in D:\wamp\www\kaucoder\extreme\root\catalog\view\theme\up-theme\template\common\header.tpl on line 1870
2017-08-31 16:52:35 - PHP Notice:  Undefined offset: 4 in D:\wamp\www\kaucoder\extreme\root\catalog\view\theme\up-theme\template\common\header.tpl on line 1870
2017-08-31 16:52:35 - PHP Notice:  Undefined offset: 4 in D:\wamp\www\kaucoder\extreme\root\catalog\view\theme\up-theme\template\common\header.tpl on line 1870
2017-08-31 16:52:35 - PHP Notice:  Undefined offset: 4 in D:\wamp\www\kaucoder\extreme\root\catalog\view\theme\up-theme\template\common\header.tpl on line 1870
2017-08-31 16:52:35 - PHP Notice:  Undefined offset: 4 in D:\wamp\www\kaucoder\extreme\root\catalog\view\theme\up-theme\template\common\header.tpl on line 1870
2017-08-31 16:52:35 - PHP Notice:  Undefined offset: 4 in D:\wamp\www\kaucoder\extreme\root\catalog\view\theme\up-theme\template\common\header.tpl on line 1870
2017-08-31 16:52:35 - PHP Notice:  Undefined offset: 4 in D:\wamp\www\kaucoder\extreme\root\catalog\view\theme\up-theme\template\common\header.tpl on line 1870
2017-08-31 16:52:35 - PHP Notice:  Undefined offset: 4 in D:\wamp\www\kaucoder\extreme\root\catalog\view\theme\up-theme\template\common\header.tpl on line 1870
2017-08-31 16:52:35 - PHP Notice:  Undefined offset: 4 in D:\wamp\www\kaucoder\extreme\root\catalog\view\theme\up-theme\template\common\header.tpl on line 1870
2017-08-31 16:52:35 - PHP Notice:  Undefined offset: 4 in D:\wamp\www\kaucoder\extreme\root\catalog\view\theme\up-theme\template\common\header.tpl on line 1870
2017-08-31 16:52:35 - PHP Notice:  Undefined offset: 4 in D:\wamp\www\kaucoder\extreme\root\catalog\view\theme\up-theme\template\common\header.tpl on line 1870
2017-09-27 0:24:38 - PHP Warning:  mail(): Failed to connect to mailserver at &quot;localhost&quot; port 25, verify your &quot;SMTP&quot; and &quot;smtp_port&quot; setting in php.ini or use ini_set() in E:\wamp\www\kaucoder\extreme\root\system\library\mail.php on line 158
2017-09-27 0:25:15 - PHP Warning:  mail(): Failed to connect to mailserver at &quot;localhost&quot; port 25, verify your &quot;SMTP&quot; and &quot;smtp_port&quot; setting in php.ini or use ini_set() in E:\wamp\www\kaucoder\extreme\root\system\library\mail.php on line 158
2017-09-27 0:25:16 - PHP Warning:  mail(): Failed to connect to mailserver at &quot;localhost&quot; port 25, verify your &quot;SMTP&quot; and &quot;smtp_port&quot; setting in php.ini or use ini_set() in E:\wamp\www\kaucoder\extreme\root\system\library\mail.php on line 158
